ARM GAS  /tmp/ccUUTo2z.s 			page 1


   1              		.cpu cortex-m4
   2              		.eabi_attribute 20, 1
   3              		.eabi_attribute 21, 1
   4              		.eabi_attribute 23, 3
   5              		.eabi_attribute 24, 1
   6              		.eabi_attribute 25, 1
   7              		.eabi_attribute 26, 1
   8              		.eabi_attribute 30, 6
   9              		.eabi_attribute 34, 1
  10              		.eabi_attribute 18, 4
  11              		.file	"Hal.cpp"
  12              		.text
  13              	.Ltext0:
  14              		.cfi_sections	.debug_frame
  15              		.section	.bss._ZL7pointer,"aw",%nobits
  16              		.align	2
  19              	_ZL7pointer:
  20 0000 00000000 		.space	4
  21              		.section	.text._ZN4Time6SetHalEPNS_4IHalE,"ax",%progbits
  22              		.align	1
  23              		.global	_ZN4Time6SetHalEPNS_4IHalE
  24              		.arch armv7e-m
  25              		.syntax unified
  26              		.thumb
  27              		.thumb_func
  28              		.fpu softvfp
  30              	_ZN4Time6SetHalEPNS_4IHalE:
  31              	.LFB4:
  32              		.file 1 "libTime/Hal.cpp"
   1:libTime/Hal.cpp **** #include "IHal.hpp"
   2:libTime/Hal.cpp **** 
   3:libTime/Hal.cpp **** static Time::IHal *pointer = nullptr;
   4:libTime/Hal.cpp **** 
   5:libTime/Hal.cpp **** void Time::SetHal(IHal *hal)
   6:libTime/Hal.cpp **** {
  33              		.loc 1 6 1
  34              		.cfi_startproc
  35              		@ args = 0, pretend = 0, frame = 8
  36              		@ frame_needed = 1, uses_anonymous_args = 0
  37              		@ link register save eliminated.
  38 0000 80B4     		push	{r7}
  39              	.LCFI0:
  40              		.cfi_def_cfa_offset 4
  41              		.cfi_offset 7, -4
  42 0002 83B0     		sub	sp, sp, #12
  43              	.LCFI1:
  44              		.cfi_def_cfa_offset 16
  45 0004 00AF     		add	r7, sp, #0
  46              	.LCFI2:
  47              		.cfi_def_cfa_register 7
  48 0006 7860     		str	r0, [r7, #4]
   7:libTime/Hal.cpp ****     pointer = hal;
  49              		.loc 1 7 13
  50 0008 034A     		ldr	r2, .L2
  51 000a 7B68     		ldr	r3, [r7, #4]
  52 000c 1360     		str	r3, [r2]
   8:libTime/Hal.cpp **** }
ARM GAS  /tmp/ccUUTo2z.s 			page 2


  53              		.loc 1 8 1
  54 000e 00BF     		nop
  55 0010 0C37     		adds	r7, r7, #12
  56              	.LCFI3:
  57              		.cfi_def_cfa_offset 4
  58 0012 BD46     		mov	sp, r7
  59              	.LCFI4:
  60              		.cfi_def_cfa_register 13
  61              		@ sp needed
  62 0014 80BC     		pop	{r7}
  63              	.LCFI5:
  64              		.cfi_restore 7
  65              		.cfi_def_cfa_offset 0
  66 0016 7047     		bx	lr
  67              	.L3:
  68              		.align	2
  69              	.L2:
  70 0018 00000000 		.word	_ZL7pointer
  71              		.cfi_endproc
  72              	.LFE4:
  74              		.section	.text._ZN4Time6GetHalEv,"ax",%progbits
  75              		.align	1
  76              		.global	_ZN4Time6GetHalEv
  77              		.syntax unified
  78              		.thumb
  79              		.thumb_func
  80              		.fpu softvfp
  82              	_ZN4Time6GetHalEv:
  83              	.LFB5:
   9:libTime/Hal.cpp **** 
  10:libTime/Hal.cpp **** Time::IHal * Time::GetHal()
  11:libTime/Hal.cpp **** {
  84              		.loc 1 11 1
  85              		.cfi_startproc
  86              		@ args = 0, pretend = 0, frame = 0
  87              		@ frame_needed = 1, uses_anonymous_args = 0
  88              		@ link register save eliminated.
  89 0000 80B4     		push	{r7}
  90              	.LCFI6:
  91              		.cfi_def_cfa_offset 4
  92              		.cfi_offset 7, -4
  93 0002 00AF     		add	r7, sp, #0
  94              	.LCFI7:
  95              		.cfi_def_cfa_register 7
  12:libTime/Hal.cpp ****     return pointer;
  96              		.loc 1 12 12
  97 0004 024B     		ldr	r3, .L6
  98 0006 1B68     		ldr	r3, [r3]
  13:libTime/Hal.cpp **** }...
  99              		.loc 1 13 1
 100 0008 1846     		mov	r0, r3
 101 000a BD46     		mov	sp, r7
 102              	.LCFI8:
 103              		.cfi_def_cfa_register 13
 104              		@ sp needed
 105 000c 80BC     		pop	{r7}
 106              	.LCFI9:
ARM GAS  /tmp/ccUUTo2z.s 			page 3


 107              		.cfi_restore 7
 108              		.cfi_def_cfa_offset 0
 109 000e 7047     		bx	lr
 110              	.L7:
 111              		.align	2
 112              	.L6:
 113 0010 00000000 		.word	_ZL7pointer
 114              		.cfi_endproc
 115              	.LFE5:
 117              		.text
 118              	.Letext0:
 119              		.file 2 "/opt/gcc-arm/arm-none-eabi/include/machine/_default_types.h"
 120              		.file 3 "/opt/gcc-arm/arm-none-eabi/include/sys/types.h"
 121              		.file 4 "libTime/IHal.hpp"
ARM GAS  /tmp/ccUUTo2z.s 			page 4


DEFINED SYMBOLS
                            *ABS*:0000000000000000 Hal.cpp
     /tmp/ccUUTo2z.s:16     .bss._ZL7pointer:0000000000000000 $d
     /tmp/ccUUTo2z.s:19     .bss._ZL7pointer:0000000000000000 _ZL7pointer
     /tmp/ccUUTo2z.s:22     .text._ZN4Time6SetHalEPNS_4IHalE:0000000000000000 $t
     /tmp/ccUUTo2z.s:30     .text._ZN4Time6SetHalEPNS_4IHalE:0000000000000000 _ZN4Time6SetHalEPNS_4IHalE
     /tmp/ccUUTo2z.s:70     .text._ZN4Time6SetHalEPNS_4IHalE:0000000000000018 $d
     /tmp/ccUUTo2z.s:75     .text._ZN4Time6GetHalEv:0000000000000000 $t
     /tmp/ccUUTo2z.s:82     .text._ZN4Time6GetHalEv:0000000000000000 _ZN4Time6GetHalEv
     /tmp/ccUUTo2z.s:113    .text._ZN4Time6GetHalEv:0000000000000010 $d

NO UNDEFINED SYMBOLS
